<?xml version="1.0" encoding="UTF-8"?>
<testng-results ignored="0" total="3" passed="3" failed="0" skipped="0">
  <reporter-output>
  </reporter-output>
  <suite started-at="2026-06-18T10:41:08 IST" name="Suite" finished-at="2026-06-18T10:41:14 IST" duration-ms="6095">
    <groups>
    </groups>
    <test started-at="2026-06-18T10:41:08 IST" name="Test" finished-at="2026-06-18T10:41:14 IST" duration-ms="6095">
      <class name="tests.UserTestDD">
        <test-method is-config="true" signature="setUpReport()[pri:0, instance:tests.UserTestDD@3835c46]" started-at="2026-06-18T10:41:08 IST" name="setUpReport" finished-at="2026-06-18T10:41:08 IST" duration-ms="257" status="PASS">
          <reporter-output>
          </reporter-output>
        </test-method> <!-- setUpReport -->
        <test-method is-config="true" signature="setup()[pri:0, instance:tests.UserTestDD@3835c46]" started-at="2026-06-18T10:41:08 IST" name="setup" finished-at="2026-06-18T10:41:08 IST" duration-ms="397" status="PASS">
          <reporter-output>
          </reporter-output>
        </test-method> <!-- setup -->
        <test-method signature="createUsers()[pri:1, instance:tests.UserTestDD@3835c46]" started-at="2026-06-18T10:41:08 IST" name="createUsers" finished-at="2026-06-18T10:41:12 IST" duration-ms="3662" status="PASS">
          <reporter-output>
          </reporter-output>
        </test-method> <!-- createUsers -->
        <test-method signature="getUser()[pri:2, instance:tests.UserTestDD@3835c46]" started-at="2026-06-18T10:41:12 IST" name="getUser" finished-at="2026-06-18T10:41:13 IST" duration-ms="1024" status="PASS">
          <reporter-output>
          </reporter-output>
        </test-method> <!-- getUser -->
        <test-method signature="deleteUser()[pri:3, instance:tests.UserTestDD@3835c46]" started-at="2026-06-18T10:41:13 IST" name="deleteUser" finished-at="2026-06-18T10:41:14 IST" duration-ms="971" status="PASS">
          <reporter-output>
          </reporter-output>
        </test-method> <!-- deleteUser -->
        <test-method is-config="true" signature="close()[pri:0, instance:tests.UserTestDD@3835c46]" started-at="2026-06-18T10:41:14 IST" name="close" finished-at="2026-06-18T10:41:14 IST" duration-ms="382" status="PASS">
          <reporter-output>
          </reporter-output>
        </test-method> <!-- close -->
      </class> <!-- tests.UserTestDD -->
    </test> <!-- Test -->
  </suite> <!-- Suite -->
</testng-results>
