<?xml version="1.0" encoding="UTF-8"?>
<testsuite xmlns:xsi="http://www.w3.org/2001/XMLSchema-instance" xsi:noNamespaceSchemaLocation="https://maven.apache.org/surefire/maven-surefire-plugin/xsd/surefire-test-report.xsd" version="3.0.2" name="TestSuite" time="7.648" tests="3" errors="0" skipped="0" failures="0" flakes="0">
  <properties>
[...]
</properties>
  <testcase name="createUsers" classname="tests.UserTestDD" time="3.659">
    <system-out><![CDATA[TOTAL ROWS: 1
EXECUTING ROW: 1
User Created
HTTP/1.1 200 OK
Date: Thu, 18 Jun 2026 05:11:12 GMT
Content-Type: application/json
Transfer-Encoding: chunked
Connection: keep-alive
Access-Control-Allow-Origin: *
Access-Control-Allow-Methods: GET, POST, DELETE, PUT
Access-Control-Allow-Headers: Content-Type, api_key, Authorization
Server: Jetty(9.2.9.v20150224)

{
    "code": 200,
    "type": "unknown",
    "message": "6933"
}
RESPONSE: {"code":200,"type":"unknown","message":"6933"}
]]></system-out>
    <system-err><![CDATA[ERROR StatusLogger Log4j2 could not find a logging implementation. Please add log4j-core to the classpath. Using SimpleLogger to log to the console...
]]></system-err>
  </testcase>
  <testcase name="getUser" classname="tests.UserTestDD" time="1.018">
    <system-out><![CDATA[ Get User
HTTP/1.1 200 OK
Date: Thu, 18 Jun 2026 05:11:13 GMT
Content-Type: application/json
Transfer-Encoding: chunked
Connection: keep-alive
Access-Control-Allow-Origin: *
Access-Control-Allow-Methods: GET, POST, DELETE, PUT
Access-Control-Allow-Headers: Content-Type, api_key, Authorization
Server: Jetty(9.2.9.v20150224)

{
    "id": 6933,
    "username": "john1233",
    "firstName": "Johnv",
    "lastName": "Doee",
    "email": "johnn@test.com",
    "password": "pass123w",
    "phone": "9.87654311E9",
    "userStatus": 0
}
]]></system-out>
  </testcase>
  <testcase name="deleteUser" classname="tests.UserTestDD" time="0.961">
    <system-out><![CDATA[User Deleted
HTTP/1.1 200 OK
Date: Thu, 18 Jun 2026 05:11:14 GMT
Content-Type: application/json
Transfer-Encoding: chunked
Connection: keep-alive
Access-Control-Allow-Origin: *
Access-Control-Allow-Methods: GET, POST, DELETE, PUT
Access-Control-Allow-Headers: Content-Type, api_key, Authorization
Server: Jetty(9.2.9.v20150224)

{
    "code": 200,
    "type": "unknown",
    "message": "john1233"
}
]]></system-out>
  </testcase>
</testsuite>