<?xml version="1.0" encoding="UTF-8"?>
<testng-results ignored="0" total="3" passed="3" failed="0" skipped="0">
  <reporter-output>
  </reporter-output>
  <suite started-at="2026-06-16T11:36:33 IST" name="Suite" finished-at="2026-06-16T11:36:39 IST" duration-ms="6739">
    <groups>
    </groups>
    <test started-at="2026-06-16T11:36:33 IST" name="Test" finished-at="2026-06-16T11:36:39 IST" duration-ms="6739">
      <class name="tests.UserTestDD">
        <test-method is-config="true" signature="setUpReport()[pri:0, instance:tests.UserTestDD@443118b0]" started-at="2026-06-16T11:36:31 IST" name="setUpReport" finished-at="2026-06-16T11:36:33 IST" duration-ms="1062" status="PASS">
          <reporter-output>
          </reporter-output>
        </test-method> <!-- setUpReport -->
        <test-method is-config="true" signature="setup()[pri:0, instance:tests.UserTestDD@443118b0]" started-at="2026-06-16T11:36:33 IST" name="setup" finished-at="2026-06-16T11:36:33 IST" duration-ms="567" status="PASS">
          <reporter-output>
          </reporter-output>
        </test-method> <!-- setup -->
        <test-method signature="createUsers()[pri:1, instance:tests.UserTestDD@443118b0]" started-at="2026-06-16T11:36:33 IST" name="createUsers" finished-at="2026-06-16T11:36:37 IST" duration-ms="3962" status="PASS">
          <reporter-output>
          </reporter-output>
        </test-method> <!-- createUsers -->
        <test-method signature="getUser()[pri:2, instance:tests.UserTestDD@443118b0]" started-at="2026-06-16T11:36:37 IST" name="getUser" finished-at="2026-06-16T11:36:38 IST" duration-ms="1061" status="PASS">
          <reporter-output>
          </reporter-output>
        </test-method> <!-- getUser -->
        <test-method signature="deleteUser()[pri:3, instance:tests.UserTestDD@443118b0]" started-at="2026-06-16T11:36:38 IST" name="deleteUser" finished-at="2026-06-16T11:36:39 IST" duration-ms="1040" status="PASS">
          <reporter-output>
          </reporter-output>
        </test-method> <!-- deleteUser -->
        <test-method is-config="true" signature="close()[pri:0, instance:tests.UserTestDD@443118b0]" started-at="2026-06-16T11:36:39 IST" name="close" finished-at="2026-06-16T11:36:40 IST" duration-ms="656" status="PASS">
          <reporter-output>
          </reporter-output>
        </test-method> <!-- close -->
      </class> <!-- tests.UserTestDD -->
    </test> <!-- Test -->
  </suite> <!-- Suite -->
</testng-results>
