<?xml version="1.0" encoding="UTF-8"?>
<!-- Generated by org.testng.reporters.JUnitReportReporter -->
<testsuite hostname="DTA141" failures="0" tests="3" name="tests.UserTestDD" time="6.063" errors="0" timestamp="2026-06-16T11:36:41 IST" skipped="0">
  <testcase classname="tests.UserTestDD" name="createUsers" time="3.962"/>
  <testcase classname="tests.UserTestDD" name="getUser" time="1.061"/>
  <testcase classname="tests.UserTestDD" name="deleteUser" time="1.040"/>
</testsuite> <!-- tests.UserTestDD -->
