<?xml version="1.0" encoding="UTF-8"?>
<!-- Generated by org.testng.reporters.JUnitReportReporter -->
<testsuite hostname="DTA141" failures="0" tests="3" name="tests.UserTestDD" time="5.657" errors="0" timestamp="2026-06-18T10:41:15 IST" skipped="0">
  <testcase classname="tests.UserTestDD" name="createUsers" time="3.662"/>
  <testcase classname="tests.UserTestDD" name="getUser" time="1.024"/>
  <testcase classname="tests.UserTestDD" name="deleteUser" time="0.971"/>
</testsuite> <!-- tests.UserTestDD -->
